<?xml version="1.0" encoding="UTF-8"?>
<!-- Generated by org.testng.reporters.JUnitReportReporter -->
<testsuite hostname="user" failures="0" tests="1" name="AllStepDefinitions.RestAssuredAssertion" time="9.785" errors="0" timestamp="2022-02-20T20:51:46 IST" skipped="0">
  <testcase classname="AllStepDefinitions.RestAssuredAssertion" name="test_1" time="9.785"/>
  <system-out/>
</testsuite> <!-- AllStepDefinitions.RestAssuredAssertion -->
