<?xml version="1.0" encoding="UTF-8"?>
<!-- Generated by org.testng.reporters.JUnitReportReporter -->
<testsuite hostname="user" failures="0" tests="3" name="AllStepDefinitions.NewSample" time="17.626" errors="0" timestamp="2022-02-20T11:40:11 IST" skipped="0">
  <testcase classname="AllStepDefinitions.NewSample" name="status_code_using_get_method" time="17.581"/>
  <system-out/>
  <testcase classname="AllStepDefinitions.NewSample" name="status_code_received" time="0.025"/>
  <system-out/>
  <testcase classname="AllStepDefinitions.NewSample" name="user_enters_url" time="0.020"/>
  <system-out/>
</testsuite> <!-- AllStepDefinitions.NewSample -->
