<?xml version="1.0" encoding="UTF-8"?>
<!-- Generated by org.testng.reporters.JUnitReportReporter -->
<testsuite hostname="user" failures="0" tests="1" name="AllStepDefinitions.Log" time="15.061" errors="0" timestamp="2022-02-19T19:55:47 IST" skipped="0">
  <testcase classname="AllStepDefinitions.Log" name="GetMethod" time="15.061"/>
  <system-out/>
</testsuite> <!-- AllStepDefinitions.Log -->
