<?xml version="1.0" encoding="UTF-8"?>
<!-- Generated by org.testng.reporters.JUnitReportReporter -->
<testsuite hostname="user" failures="0" tests="3" name="AllStepDefinitions.BDDFrameWork_Setup" time="0.031" errors="0" timestamp="2022-02-20T21:20:59 IST" skipped="0">
  <testcase classname="AllStepDefinitions.BDDFrameWork_Setup" name="user_navigated_to_url" time="0.004"/>
  <system-out/>
  <testcase classname="AllStepDefinitions.BDDFrameWork_Setup" name="successful" time="0.020"/>
  <system-out/>
  <testcase classname="AllStepDefinitions.BDDFrameWork_Setup" name="user_is_enters_url" time="0.007"/>
  <system-out/>
</testsuite> <!-- AllStepDefinitions.BDDFrameWork_Setup -->
