<?xml version="1.0" encoding="UTF-8"?>
<!-- Generated by org.testng.reporters.JUnitReportReporter -->
<testsuite hostname="user" failures="0" tests="3" name="AllStepDefinitions.NegativeBDDSteps" time="10.336" errors="0" timestamp="2022-02-19T21:31:32 IST" skipped="0">
  <testcase classname="AllStepDefinitions.NegativeBDDSteps" name="user_is_on_login_page" time="0.012"/>
  <system-out/>
  <testcase classname="AllStepDefinitions.NegativeBDDSteps" name="user_enters" time="10.302"/>
  <system-out/>
  <testcase classname="AllStepDefinitions.NegativeBDDSteps" name="unsuccessful_login" time="0.022"/>
  <system-out/>
</testsuite> <!-- AllStepDefinitions.NegativeBDDSteps -->
