<?xml version="1.0" encoding="UTF-8"?>
<!-- Generated by org.testng.reporters.JUnitReportReporter -->
<testsuite hostname="user" failures="0" tests="3" name="AllStepDefinitions.NewExam" time="9.293" errors="0" timestamp="2022-02-19T21:55:50 IST" skipped="0">
  <testcase classname="AllStepDefinitions.NewExam" name="unsuccessful_login" time="0.022"/>
  <system-out/>
  <testcase classname="AllStepDefinitions.NewExam" name="user_is_on_login_page" time="0.014"/>
  <system-out/>
  <testcase classname="AllStepDefinitions.NewExam" name="user_enters" time="9.257"/>
  <system-out/>
</testsuite> <!-- AllStepDefinitions.NewExam -->
