<?xml version="1.0" encoding="UTF-8"?>
<!-- Generated by org.testng.reporters.JUnitReportReporter -->
<testsuite hostname="user" failures="0" tests="4" name="AllStepDefinitions.parameterization" time="19.912" errors="0" timestamp="2022-02-20T21:08:43 IST" skipped="0">
  <testcase classname="AllStepDefinitions.parameterization" name="test_delete" time="1.052"/>
  <system-out/>
  <testcase classname="AllStepDefinitions.parameterization" name="test_delete" time="7.456"/>
  <system-out/>
  <testcase classname="AllStepDefinitions.parameterization" name="test_delete" time="3.937"/>
  <system-out/>
  <testcase classname="AllStepDefinitions.parameterization" name="test_delete" time="7.467"/>
  <system-out/>
</testsuite> <!-- AllStepDefinitions.parameterization -->
