<?xml version="1.0" encoding="UTF-8"?>
<!-- Generated by org.testng.reporters.JUnitReportReporter -->
<testsuite hostname="user" failures="0" tests="2" name="AllStepDefinitions.negative_Validation" time="9.502" errors="0" timestamp="2022-02-20T12:15:16 IST" skipped="0">
  <testcase classname="AllStepDefinitions.negative_Validation" name="ValidateResponseStatus1" time="8.224"/>
  <system-out/>
  <testcase classname="AllStepDefinitions.negative_Validation" name="ValidateResponseStatus2" time="1.278"/>
  <system-out/>
</testsuite> <!-- AllStepDefinitions.negative_Validation -->
