<?xml version="1.0" encoding="UTF-8"?>
<!-- Generated by org.testng.reporters.JUnitReportReporter -->
<testsuite hostname="user" failures="0" tests="3" name="AllStepDefinitions.assertion_two" time="8.991" errors="0" timestamp="2022-02-20T22:33:46 IST" skipped="0">
  <testcase classname="AllStepDefinitions.assertion_two" name="user_is_on_api" time="0.035"/>
  <system-out/>
  <testcase classname="AllStepDefinitions.assertion_two" name="passing_values_from_get_method" time="8.290"/>
  <system-out/>
  <testcase classname="AllStepDefinitions.assertion_two" name="validate_response_received" time="0.666"/>
  <system-out/>
</testsuite> <!-- AllStepDefinitions.assertion_two -->
